{"D:\\Web development\\Rails\\projekt-frontend\\src\\App.vue": {"path":"D:\\Web development\\Rails\\projekt-frontend\\src\\App.vue","statementMap":{"0":{"start":{"line":10,"column":0},"end":{"line":10,"column":null}},"1":{"start":{"line":11,"column":0},"end":{"line":11,"column":null}},"2":{"start":{"line":18,"column":0},"end":{"line":20,"column":null}},"3":{"start":{"line":19,"column":0},"end":{"line":19,"column":null}}},"fnMap":{"0":{"name":"(anonymous_1)","decl":{"start":{"line":17,"column":0},"end":{"line":17,"column":null}},"loc":{"start":{"line":17,"column":0},"end":{"line":21,"column":null}}}},"branchMap":{"0":{"loc":{"start":{"line":18,"column":0},"end":{"line":20,"column":null}},"type":"if","locations":[{"start":{"line":18,"column":0},"end":{"line":20,"column":null}},{"start":{"line":18,"column":0},"end":{"line":20,"column":null}}]}},"s":{"0":1,"1":1,"2":2,"3":0},"f":{"0":2},"b":{"0":[0,2]}}
,"D:\\Web development\\Rails\\projekt-frontend\\src\\main.js": {"path":"D:\\Web development\\Rails\\projekt-frontend\\src\\main.js","statementMap":{"0":{"start":{"line":8,"column":0},"end":{"line":8,"column":18}},"1":{"start":{"line":10,"column":0},"end":{"line":14,"column":3}},"2":{"start":{"line":12,"column":17},"end":{"line":12,"column":32}},"3":{"start":{"line":16,"column":0},"end":{"line":20,"column":2}},"4":{"start":{"line":17,"column":2},"end":{"line":19,"column":3}},"5":{"start":{"line":18,"column":4},"end":{"line":18,"column":59}},"6":{"start":{"line":22,"column":0},"end":{"line":22,"column":32}},"7":{"start":{"line":24,"column":0},"end":{"line":28,"column":17}},"8":{"start":{"line":27,"column":15},"end":{"line":27,"column":21}}},"fnMap":{"0":{"name":"(anonymous_0)","decl":{"start":{"line":12,"column":12},"end":{"line":12,"column":13}},"loc":{"start":{"line":12,"column":17},"end":{"line":12,"column":32}},"line":12},"1":{"name":"(anonymous_1)","decl":{"start":{"line":16,"column":25},"end":{"line":16,"column":26}},"loc":{"start":{"line":16,"column":41},"end":{"line":20,"column":1}},"line":16},"2":{"name":"(anonymous_2)","decl":{"start":{"line":27,"column":10},"end":{"line":27,"column":11}},"loc":{"start":{"line":27,"column":15},"end":{"line":27,"column":21}},"line":27}},"branchMap":{"0":{"loc":{"start":{"line":17,"column":2},"end":{"line":19,"column":3}},"type":"if","locations":[{"start":{"line":17,"column":2},"end":{"line":19,"column":3}},{"start":{"line":17,"column":2},"end":{"line":19,"column":3}}],"line":17}},"s":{"0":0,"1":0,"2":0,"3":0,"4":0,"5":0,"6":0,"7":0,"8":0},"f":{"0":0,"1":0,"2":0},"b":{"0":[0,0]},"hash":"9ddba865ce55b7eac5a276fbf2dd0aa79a19e471"}
,"D:\\Web development\\Rails\\projekt-frontend\\src\\components\\Footer.vue": {"path":"D:\\Web development\\Rails\\projekt-frontend\\src\\components\\Footer.vue","statementMap":{"0":{"start":{"line":9,"column":0},"end":{"line":9,"column":null}}},"fnMap":{},"branchMap":{},"s":{"0":2},"f":{},"b":{}}
,"D:\\Web development\\Rails\\projekt-frontend\\src\\components\\MyProjects.vue": {"path":"D:\\Web development\\Rails\\projekt-frontend\\src\\components\\MyProjects.vue","statementMap":{"0":{"start":{"line":15,"column":0},"end":{"line":15,"column":null}},"1":{"start":{"line":16,"column":0},"end":{"line":16,"column":null}},"2":{"start":{"line":17,"column":0},"end":{"line":17,"column":null}},"3":{"start":{"line":30,"column":0},"end":{"line":30,"column":null}}},"fnMap":{"0":{"name":"(anonymous_1)","decl":{"start":{"line":29,"column":0},"end":{"line":29,"column":null}},"loc":{"start":{"line":29,"column":0},"end":{"line":31,"column":null}}}},"branchMap":{},"s":{"0":3,"1":3,"2":3,"3":0},"f":{"0":0},"b":{}}
,"D:\\Web development\\Rails\\projekt-frontend\\src\\components\\MyTeams.vue": {"path":"D:\\Web development\\Rails\\projekt-frontend\\src\\components\\MyTeams.vue","statementMap":{"0":{"start":{"line":13,"column":0},"end":{"line":13,"column":null}},"1":{"start":{"line":14,"column":0},"end":{"line":14,"column":null}},"2":{"start":{"line":15,"column":0},"end":{"line":15,"column":null}},"3":{"start":{"line":28,"column":0},"end":{"line":28,"column":null}}},"fnMap":{"0":{"name":"(anonymous_1)","decl":{"start":{"line":27,"column":0},"end":{"line":27,"column":null}},"loc":{"start":{"line":27,"column":0},"end":{"line":29,"column":null}}}},"branchMap":{},"s":{"0":3,"1":3,"2":3,"3":0},"f":{"0":0},"b":{}}
,"D:\\Web development\\Rails\\projekt-frontend\\src\\components\\Navbar.vue": {"path":"D:\\Web development\\Rails\\projekt-frontend\\src\\components\\Navbar.vue","statementMap":{"0":{"start":{"line":136,"column":0},"end":{"line":136,"column":null}},"1":{"start":{"line":137,"column":0},"end":{"line":137,"column":null}},"2":{"start":{"line":138,"column":0},"end":{"line":138,"column":null}},"3":{"start":{"line":139,"column":0},"end":{"line":139,"column":null}},"4":{"start":{"line":140,"column":0},"end":{"line":140,"column":null}},"5":{"start":{"line":145,"column":0},"end":{"line":145,"column":null}},"6":{"start":{"line":159,"column":0},"end":{"line":159,"column":null}},"7":{"start":{"line":162,"column":0},"end":{"line":162,"column":null}},"8":{"start":{"line":165,"column":0},"end":{"line":165,"column":null}},"9":{"start":{"line":168,"column":0},"end":{"line":168,"column":null}},"10":{"start":{"line":171,"column":0},"end":{"line":171,"column":null}},"11":{"start":{"line":174,"column":0},"end":{"line":174,"column":null}},"12":{"start":{"line":177,"column":0},"end":{"line":177,"column":null}}},"fnMap":{"0":{"name":"(anonymous_1)","decl":{"start":{"line":144,"column":0},"end":{"line":144,"column":null}},"loc":{"start":{"line":144,"column":0},"end":{"line":148,"column":null}}},"1":{"name":"(anonymous_2)","decl":{"start":{"line":158,"column":0},"end":{"line":158,"column":null}},"loc":{"start":{"line":158,"column":0},"end":{"line":160,"column":null}}},"2":{"name":"(anonymous_3)","decl":{"start":{"line":161,"column":0},"end":{"line":161,"column":null}},"loc":{"start":{"line":161,"column":0},"end":{"line":163,"column":null}}},"3":{"name":"(anonymous_4)","decl":{"start":{"line":164,"column":0},"end":{"line":164,"column":null}},"loc":{"start":{"line":164,"column":0},"end":{"line":166,"column":null}}},"4":{"name":"(anonymous_5)","decl":{"start":{"line":167,"column":0},"end":{"line":167,"column":null}},"loc":{"start":{"line":167,"column":0},"end":{"line":169,"column":null}}},"5":{"name":"(anonymous_6)","decl":{"start":{"line":170,"column":0},"end":{"line":170,"column":null}},"loc":{"start":{"line":170,"column":0},"end":{"line":172,"column":null}}},"6":{"name":"(anonymous_7)","decl":{"start":{"line":173,"column":0},"end":{"line":173,"column":null}},"loc":{"start":{"line":173,"column":0},"end":{"line":175,"column":null}}},"7":{"name":"(anonymous_8)","decl":{"start":{"line":176,"column":0},"end":{"line":176,"column":null}},"loc":{"start":{"line":176,"column":0},"end":{"line":178,"column":null}}}},"branchMap":{},"s":{"0":2,"1":2,"2":2,"3":2,"4":2,"5":27,"6":0,"7":0,"8":2,"9":2,"10":2,"11":2,"12":0},"f":{"0":27,"1":0,"2":0,"3":2,"4":2,"5":2,"6":2,"7":0},"b":{}}
,"D:\\Web development\\Rails\\projekt-frontend\\src\\components\\Project.vue": {"path":"D:\\Web development\\Rails\\projekt-frontend\\src\\components\\Project.vue","statementMap":{"0":{"start":{"line":9,"column":0},"end":{"line":9,"column":null}}},"fnMap":{},"branchMap":{},"s":{"0":4},"f":{},"b":{}}
,"D:\\Web development\\Rails\\projekt-frontend\\src\\components\\Team.vue": {"path":"D:\\Web development\\Rails\\projekt-frontend\\src\\components\\Team.vue","statementMap":{"0":{"start":{"line":9,"column":0},"end":{"line":9,"column":null}}},"fnMap":{},"branchMap":{},"s":{"0":4},"f":{},"b":{}}
,"D:\\Web development\\Rails\\projekt-frontend\\src\\directives\\test.js": {"path":"D:\\Web development\\Rails\\projekt-frontend\\src\\directives\\test.js","statementMap":{"0":{"start":{"line":2,"column":2},"end":{"line":6,"column":3}},"1":{"start":{"line":3,"column":4},"end":{"line":5,"column":7}},"2":{"start":{"line":4,"column":6},"end":{"line":4,"column":66}}},"fnMap":{"0":{"name":"(anonymous_0)","decl":{"start":{"line":1,"column":15},"end":{"line":1,"column":16}},"loc":{"start":{"line":1,"column":32},"end":{"line":7,"column":1}},"line":1},"1":{"name":"(anonymous_1)","decl":{"start":{"line":3,"column":39},"end":{"line":3,"column":40}},"loc":{"start":{"line":3,"column":50},"end":{"line":5,"column":5}},"line":3}},"branchMap":{"0":{"loc":{"start":{"line":2,"column":2},"end":{"line":6,"column":3}},"type":"if","locations":[{"start":{"line":2,"column":2},"end":{"line":6,"column":3}},{"start":{"line":2,"column":2},"end":{"line":6,"column":3}}],"line":2}},"s":{"0":2503,"1":2503,"2":2503},"f":{"0":2503,"1":2503},"b":{"0":[2503,0]},"_coverageSchema":"43e27e138ebf9cfc5966b082cf9a028302ed4184","hash":"38b60fa610f23aa30e540b14b1ef06fb47021a55"}
,"D:\\Web development\\Rails\\projekt-frontend\\src\\router\\index.js": {"path":"D:\\Web development\\Rails\\projekt-frontend\\src\\router\\index.js","statementMap":{"0":{"start":{"line":6,"column":0},"end":{"line":6,"column":18}},"1":{"start":{"line":8,"column":15},"end":{"line":127,"column":1}},"2":{"start":{"line":23,"column":21},"end":{"line":23,"column":81}},"3":{"start":{"line":34,"column":21},"end":{"line":34,"column":84}},"4":{"start":{"line":45,"column":21},"end":{"line":45,"column":83}},"5":{"start":{"line":56,"column":21},"end":{"line":56,"column":86}},"6":{"start":{"line":67,"column":21},"end":{"line":67,"column":80}},"7":{"start":{"line":78,"column":21},"end":{"line":78,"column":84}},"8":{"start":{"line":89,"column":21},"end":{"line":89,"column":89}},"9":{"start":{"line":100,"column":21},"end":{"line":100,"column":83}},"10":{"start":{"line":111,"column":21},"end":{"line":111,"column":87}},"11":{"start":{"line":122,"column":21},"end":{"line":122,"column":84}},"12":{"start":{"line":129,"column":15},"end":{"line":133,"column":2}},"13":{"start":{"line":135,"column":0},"end":{"line":143,"column":2}},"14":{"start":{"line":136,"column":2},"end":{"line":142,"column":3}},"15":{"start":{"line":137,"column":4},"end":{"line":137,"column":19}},"16":{"start":{"line":138,"column":9},"end":{"line":142,"column":3}},"17":{"start":{"line":139,"column":4},"end":{"line":139,"column":21}},"18":{"start":{"line":141,"column":4},"end":{"line":141,"column":11}}},"fnMap":{"0":{"name":"(anonymous_0)","decl":{"start":{"line":23,"column":15},"end":{"line":23,"column":16}},"loc":{"start":{"line":23,"column":21},"end":{"line":23,"column":81}},"line":23},"1":{"name":"(anonymous_1)","decl":{"start":{"line":34,"column":15},"end":{"line":34,"column":16}},"loc":{"start":{"line":34,"column":21},"end":{"line":34,"column":84}},"line":34},"2":{"name":"(anonymous_2)","decl":{"start":{"line":45,"column":15},"end":{"line":45,"column":16}},"loc":{"start":{"line":45,"column":21},"end":{"line":45,"column":83}},"line":45},"3":{"name":"(anonymous_3)","decl":{"start":{"line":56,"column":15},"end":{"line":56,"column":16}},"loc":{"start":{"line":56,"column":21},"end":{"line":56,"column":86}},"line":56},"4":{"name":"(anonymous_4)","decl":{"start":{"line":67,"column":15},"end":{"line":67,"column":16}},"loc":{"start":{"line":67,"column":21},"end":{"line":67,"column":80}},"line":67},"5":{"name":"(anonymous_5)","decl":{"start":{"line":78,"column":15},"end":{"line":78,"column":16}},"loc":{"start":{"line":78,"column":21},"end":{"line":78,"column":84}},"line":78},"6":{"name":"(anonymous_6)","decl":{"start":{"line":89,"column":15},"end":{"line":89,"column":16}},"loc":{"start":{"line":89,"column":21},"end":{"line":89,"column":89}},"line":89},"7":{"name":"(anonymous_7)","decl":{"start":{"line":100,"column":15},"end":{"line":100,"column":16}},"loc":{"start":{"line":100,"column":21},"end":{"line":100,"column":83}},"line":100},"8":{"name":"(anonymous_8)","decl":{"start":{"line":111,"column":15},"end":{"line":111,"column":16}},"loc":{"start":{"line":111,"column":21},"end":{"line":111,"column":87}},"line":111},"9":{"name":"(anonymous_9)","decl":{"start":{"line":122,"column":15},"end":{"line":122,"column":16}},"loc":{"start":{"line":122,"column":21},"end":{"line":122,"column":84}},"line":122},"10":{"name":"(anonymous_10)","decl":{"start":{"line":135,"column":18},"end":{"line":135,"column":19}},"loc":{"start":{"line":135,"column":35},"end":{"line":143,"column":1}},"line":135}},"branchMap":{"0":{"loc":{"start":{"line":136,"column":2},"end":{"line":142,"column":3}},"type":"if","locations":[{"start":{"line":136,"column":2},"end":{"line":142,"column":3}},{"start":{"line":136,"column":2},"end":{"line":142,"column":3}}],"line":136},"1":{"loc":{"start":{"line":136,"column":6},"end":{"line":136,"column":52}},"type":"binary-expr","locations":[{"start":{"line":136,"column":6},"end":{"line":136,"column":26}},{"start":{"line":136,"column":30},"end":{"line":136,"column":52}}],"line":136},"2":{"loc":{"start":{"line":138,"column":9},"end":{"line":142,"column":3}},"type":"if","locations":[{"start":{"line":138,"column":9},"end":{"line":142,"column":3}},{"start":{"line":138,"column":9},"end":{"line":142,"column":3}}],"line":138},"3":{"loc":{"start":{"line":138,"column":13},"end":{"line":138,"column":60}},"type":"binary-expr","locations":[{"start":{"line":138,"column":13},"end":{"line":138,"column":35}},{"start":{"line":138,"column":39},"end":{"line":138,"column":60}}],"line":138}},"s":{"0":3,"1":3,"2":3,"3":0,"4":1,"5":0,"6":0,"7":0,"8":0,"9":0,"10":0,"11":0,"12":3,"13":3,"14":12,"15":7,"16":5,"17":0,"18":5},"f":{"0":3,"1":0,"2":1,"3":0,"4":0,"5":0,"6":0,"7":0,"8":0,"9":0,"10":12},"b":{"0":[7,5],"1":[12,8],"2":[0,5],"3":[5,4]},"_coverageSchema":"43e27e138ebf9cfc5966b082cf9a028302ed4184","hash":"e4b3fb8a9a7da93a4988690007c2a5352975cb0e"}
,"D:\\Web development\\Rails\\projekt-frontend\\src\\store\\index.js": {"path":"D:\\Web development\\Rails\\projekt-frontend\\src\\store\\index.js","statementMap":{"0":{"start":{"line":7,"column":0},"end":{"line":7,"column":13}}},"fnMap":{},"branchMap":{},"s":{"0":0},"f":{},"b":{},"hash":"4f8cd6cbb8746d5340d96cf5f3a4a499c36a76d6"}
,"D:\\Web development\\Rails\\projekt-frontend\\src\\store\\modules\\project\\actions.js": {"path":"D:\\Web development\\Rails\\projekt-frontend\\src\\store\\modules\\project\\actions.js","statementMap":{"0":{"start":{"line":6,"column":4},"end":{"line":29,"column":5}},"1":{"start":{"line":8,"column":34},"end":{"line":8,"column":120}},"2":{"start":{"line":9,"column":20},"end":{"line":9,"column":46}},"3":{"start":{"line":11,"column":21},"end":{"line":16,"column":7}},"4":{"start":{"line":19,"column":8},"end":{"line":21,"column":39}},"5":{"start":{"line":23,"column":6},"end":{"line":23,"column":59}},"6":{"start":{"line":24,"column":6},"end":{"line":24,"column":59}},"7":{"start":{"line":26,"column":6},"end":{"line":26,"column":30}},"8":{"start":{"line":28,"column":6},"end":{"line":28,"column":29}},"9":{"start":{"line":33,"column":4},"end":{"line":57,"column":5}},"10":{"start":{"line":35,"column":34},"end":{"line":35,"column":120}},"11":{"start":{"line":36,"column":20},"end":{"line":36,"column":46}},"12":{"start":{"line":38,"column":21},"end":{"line":43,"column":7}},"13":{"start":{"line":46,"column":8},"end":{"line":48,"column":39}},"14":{"start":{"line":50,"column":23},"end":{"line":53,"column":7}},"15":{"start":{"line":54,"column":6},"end":{"line":54,"column":40}},"16":{"start":{"line":56,"column":6},"end":{"line":56,"column":29}},"17":{"start":{"line":60,"column":4},"end":{"line":60,"column":33}},"18":{"start":{"line":63,"column":4},"end":{"line":63,"column":45}},"19":{"start":{"line":66,"column":4},"end":{"line":92,"column":5}},"20":{"start":{"line":68,"column":34},"end":{"line":68,"column":120}},"21":{"start":{"line":69,"column":20},"end":{"line":69,"column":46}},"22":{"start":{"line":71,"column":21},"end":{"line":76,"column":7}},"23":{"start":{"line":79,"column":8},"end":{"line":81,"column":39}},"24":{"start":{"line":83,"column":6},"end":{"line":87,"column":8}},"25":{"start":{"line":88,"column":6},"end":{"line":88,"column":59}},"26":{"start":{"line":89,"column":6},"end":{"line":89,"column":30}},"27":{"start":{"line":91,"column":6},"end":{"line":91,"column":29}},"28":{"start":{"line":95,"column":4},"end":{"line":120,"column":5}},"29":{"start":{"line":97,"column":34},"end":{"line":97,"column":120}},"30":{"start":{"line":98,"column":20},"end":{"line":98,"column":46}},"31":{"start":{"line":100,"column":21},"end":{"line":105,"column":7}},"32":{"start":{"line":108,"column":8},"end":{"line":110,"column":39}},"33":{"start":{"line":112,"column":6},"end":{"line":115,"column":8}},"34":{"start":{"line":116,"column":6},"end":{"line":116,"column":59}},"35":{"start":{"line":117,"column":6},"end":{"line":117,"column":30}},"36":{"start":{"line":119,"column":6},"end":{"line":119,"column":29}}},"fnMap":{"0":{"name":"(anonymous_0)","decl":{"start":{"line":5,"column":2},"end":{"line":5,"column":3}},"loc":{"start":{"line":5,"column":45},"end":{"line":30,"column":3}},"line":5},"1":{"name":"(anonymous_1)","decl":{"start":{"line":32,"column":2},"end":{"line":32,"column":3}},"loc":{"start":{"line":32,"column":42},"end":{"line":58,"column":3}},"line":32},"2":{"name":"(anonymous_2)","decl":{"start":{"line":59,"column":2},"end":{"line":59,"column":3}},"loc":{"start":{"line":59,"column":33},"end":{"line":61,"column":3}},"line":59},"3":{"name":"(anonymous_3)","decl":{"start":{"line":62,"column":2},"end":{"line":62,"column":3}},"loc":{"start":{"line":62,"column":45},"end":{"line":64,"column":3}},"line":62},"4":{"name":"(anonymous_4)","decl":{"start":{"line":65,"column":2},"end":{"line":65,"column":3}},"loc":{"start":{"line":65,"column":45},"end":{"line":93,"column":3}},"line":65},"5":{"name":"(anonymous_5)","decl":{"start":{"line":94,"column":2},"end":{"line":94,"column":3}},"loc":{"start":{"line":94,"column":39},"end":{"line":121,"column":3}},"line":94}},"branchMap":{"0":{"loc":{"start":{"line":8,"column":34},"end":{"line":8,"column":120}},"type":"cond-expr","locations":[{"start":{"line":8,"column":69},"end":{"line":8,"column":113}},{"start":{"line":8,"column":116},"end":{"line":8,"column":120}}],"line":8},"1":{"loc":{"start":{"line":19,"column":8},"end":{"line":21,"column":39}},"type":"cond-expr","locations":[{"start":{"line":20,"column":12},"end":{"line":20,"column":53}},{"start":{"line":21,"column":12},"end":{"line":21,"column":39}}],"line":19},"2":{"loc":{"start":{"line":35,"column":34},"end":{"line":35,"column":120}},"type":"cond-expr","locations":[{"start":{"line":35,"column":69},"end":{"line":35,"column":113}},{"start":{"line":35,"column":116},"end":{"line":35,"column":120}}],"line":35},"3":{"loc":{"start":{"line":46,"column":8},"end":{"line":48,"column":39}},"type":"cond-expr","locations":[{"start":{"line":47,"column":12},"end":{"line":47,"column":53}},{"start":{"line":48,"column":12},"end":{"line":48,"column":39}}],"line":46},"4":{"loc":{"start":{"line":68,"column":34},"end":{"line":68,"column":120}},"type":"cond-expr","locations":[{"start":{"line":68,"column":69},"end":{"line":68,"column":113}},{"start":{"line":68,"column":116},"end":{"line":68,"column":120}}],"line":68},"5":{"loc":{"start":{"line":79,"column":8},"end":{"line":81,"column":39}},"type":"cond-expr","locations":[{"start":{"line":80,"column":12},"end":{"line":80,"column":53}},{"start":{"line":81,"column":12},"end":{"line":81,"column":39}}],"line":79},"6":{"loc":{"start":{"line":97,"column":34},"end":{"line":97,"column":120}},"type":"cond-expr","locations":[{"start":{"line":97,"column":69},"end":{"line":97,"column":113}},{"start":{"line":97,"column":116},"end":{"line":97,"column":120}}],"line":97},"7":{"loc":{"start":{"line":108,"column":8},"end":{"line":110,"column":39}},"type":"cond-expr","locations":[{"start":{"line":109,"column":12},"end":{"line":109,"column":53}},{"start":{"line":110,"column":12},"end":{"line":110,"column":39}}],"line":108}},"s":{"0":2,"1":2,"2":2,"3":2,"4":2,"5":2,"6":1,"7":1,"8":1,"9":2,"10":2,"11":2,"12":2,"13":2,"14":2,"15":1,"16":1,"17":1,"18":1,"19":2,"20":2,"21":2,"22":2,"23":2,"24":2,"25":1,"26":1,"27":1,"28":2,"29":2,"30":2,"31":2,"32":2,"33":2,"34":1,"35":1,"36":1},"f":{"0":2,"1":2,"2":1,"3":1,"4":2,"5":2},"b":{"0":[0,2],"1":[0,2],"2":[0,2],"3":[0,2],"4":[0,2],"5":[0,2],"6":[0,2],"7":[0,2]},"_coverageSchema":"43e27e138ebf9cfc5966b082cf9a028302ed4184","hash":"b13acaecbbcfcd8afb31009dab506aa40092efc7"}
,"D:\\Web development\\Rails\\projekt-frontend\\src\\store\\modules\\project\\getters.js": {"path":"D:\\Web development\\Rails\\projekt-frontend\\src\\store\\modules\\project\\getters.js","statementMap":{"0":{"start":{"line":3,"column":4},"end":{"line":3,"column":24}}},"fnMap":{"0":{"name":"(anonymous_0)","decl":{"start":{"line":2,"column":2},"end":{"line":2,"column":3}},"loc":{"start":{"line":2,"column":26},"end":{"line":4,"column":3}},"line":2}},"branchMap":{},"s":{"0":1},"f":{"0":1},"b":{},"_coverageSchema":"43e27e138ebf9cfc5966b082cf9a028302ed4184","hash":"c513e05ff69f7dd49c8eae0bb38353c5f7f9ed62"}
,"D:\\Web development\\Rails\\projekt-frontend\\src\\store\\modules\\project\\index.js": {"path":"D:\\Web development\\Rails\\projekt-frontend\\src\\store\\modules\\project\\index.js","statementMap":{"0":{"start":{"line":8,"column":8},"end":{"line":10,"column":9}}},"fnMap":{"0":{"name":"(anonymous_0)","decl":{"start":{"line":7,"column":4},"end":{"line":7,"column":5}},"loc":{"start":{"line":7,"column":11},"end":{"line":11,"column":5}},"line":7}},"branchMap":{},"s":{"0":0},"f":{"0":0},"b":{},"hash":"b5c7a1214ac1b7901485fbb4aeface33c2612e33"}
,"D:\\Web development\\Rails\\projekt-frontend\\src\\store\\modules\\project\\mutations.js": {"path":"D:\\Web development\\Rails\\projekt-frontend\\src\\store\\modules\\project\\mutations.js","statementMap":{"0":{"start":{"line":3,"column":4},"end":{"line":3,"column":34}},"1":{"start":{"line":6,"column":4},"end":{"line":6,"column":48}},"2":{"start":{"line":9,"column":4},"end":{"line":9,"column":54}}},"fnMap":{"0":{"name":"(anonymous_0)","decl":{"start":{"line":2,"column":2},"end":{"line":2,"column":3}},"loc":{"start":{"line":2,"column":35},"end":{"line":4,"column":3}},"line":2},"1":{"name":"(anonymous_1)","decl":{"start":{"line":5,"column":2},"end":{"line":5,"column":3}},"loc":{"start":{"line":5,"column":29},"end":{"line":7,"column":3}},"line":5},"2":{"name":"(anonymous_2)","decl":{"start":{"line":8,"column":2},"end":{"line":8,"column":3}},"loc":{"start":{"line":8,"column":35},"end":{"line":10,"column":3}},"line":8}},"branchMap":{},"s":{"0":1,"1":1,"2":1},"f":{"0":1,"1":1,"2":1},"b":{},"_coverageSchema":"43e27e138ebf9cfc5966b082cf9a028302ed4184","hash":"96fc26564bde6136ec9e3a89cb8efd1b9ff58b8c"}
,"D:\\Web development\\Rails\\projekt-frontend\\src\\store\\modules\\team\\actions.js": {"path":"D:\\Web development\\Rails\\projekt-frontend\\src\\store\\modules\\team\\actions.js","statementMap":{"0":{"start":{"line":6,"column":4},"end":{"line":28,"column":5}},"1":{"start":{"line":8,"column":34},"end":{"line":8,"column":120}},"2":{"start":{"line":9,"column":20},"end":{"line":9,"column":46}},"3":{"start":{"line":11,"column":21},"end":{"line":16,"column":7}},"4":{"start":{"line":19,"column":8},"end":{"line":21,"column":39}},"5":{"start":{"line":23,"column":6},"end":{"line":23,"column":56}},"6":{"start":{"line":24,"column":6},"end":{"line":24,"column":62}},"7":{"start":{"line":25,"column":6},"end":{"line":25,"column":30}},"8":{"start":{"line":27,"column":6},"end":{"line":27,"column":29}},"9":{"start":{"line":31,"column":4},"end":{"line":52,"column":5}},"10":{"start":{"line":33,"column":34},"end":{"line":33,"column":120}},"11":{"start":{"line":34,"column":20},"end":{"line":34,"column":46}},"12":{"start":{"line":36,"column":21},"end":{"line":41,"column":7}},"13":{"start":{"line":44,"column":8},"end":{"line":46,"column":39}},"14":{"start":{"line":48,"column":23},"end":{"line":48,"column":68}},"15":{"start":{"line":49,"column":6},"end":{"line":49,"column":36}},"16":{"start":{"line":51,"column":6},"end":{"line":51,"column":29}},"17":{"start":{"line":55,"column":4},"end":{"line":77,"column":5}},"18":{"start":{"line":57,"column":34},"end":{"line":57,"column":120}},"19":{"start":{"line":58,"column":20},"end":{"line":58,"column":46}},"20":{"start":{"line":60,"column":21},"end":{"line":65,"column":7}},"21":{"start":{"line":68,"column":8},"end":{"line":70,"column":39}},"22":{"start":{"line":72,"column":6},"end":{"line":72,"column":69}},"23":{"start":{"line":73,"column":6},"end":{"line":73,"column":62}},"24":{"start":{"line":74,"column":6},"end":{"line":74,"column":30}},"25":{"start":{"line":76,"column":6},"end":{"line":76,"column":29}},"26":{"start":{"line":80,"column":4},"end":{"line":102,"column":5}},"27":{"start":{"line":82,"column":34},"end":{"line":82,"column":120}},"28":{"start":{"line":83,"column":20},"end":{"line":83,"column":46}},"29":{"start":{"line":85,"column":21},"end":{"line":90,"column":7}},"30":{"start":{"line":93,"column":8},"end":{"line":95,"column":39}},"31":{"start":{"line":97,"column":6},"end":{"line":97,"column":55}},"32":{"start":{"line":98,"column":6},"end":{"line":98,"column":62}},"33":{"start":{"line":99,"column":6},"end":{"line":99,"column":30}},"34":{"start":{"line":101,"column":6},"end":{"line":101,"column":29}}},"fnMap":{"0":{"name":"(anonymous_0)","decl":{"start":{"line":5,"column":2},"end":{"line":5,"column":3}},"loc":{"start":{"line":5,"column":42},"end":{"line":29,"column":3}},"line":5},"1":{"name":"(anonymous_1)","decl":{"start":{"line":30,"column":2},"end":{"line":30,"column":3}},"loc":{"start":{"line":30,"column":39},"end":{"line":53,"column":3}},"line":30},"2":{"name":"(anonymous_2)","decl":{"start":{"line":54,"column":2},"end":{"line":54,"column":3}},"loc":{"start":{"line":54,"column":42},"end":{"line":78,"column":3}},"line":54},"3":{"name":"(anonymous_3)","decl":{"start":{"line":79,"column":2},"end":{"line":79,"column":3}},"loc":{"start":{"line":79,"column":37},"end":{"line":103,"column":3}},"line":79}},"branchMap":{"0":{"loc":{"start":{"line":8,"column":34},"end":{"line":8,"column":120}},"type":"cond-expr","locations":[{"start":{"line":8,"column":69},"end":{"line":8,"column":113}},{"start":{"line":8,"column":116},"end":{"line":8,"column":120}}],"line":8},"1":{"loc":{"start":{"line":19,"column":8},"end":{"line":21,"column":39}},"type":"cond-expr","locations":[{"start":{"line":20,"column":12},"end":{"line":20,"column":53}},{"start":{"line":21,"column":12},"end":{"line":21,"column":39}}],"line":19},"2":{"loc":{"start":{"line":33,"column":34},"end":{"line":33,"column":120}},"type":"cond-expr","locations":[{"start":{"line":33,"column":69},"end":{"line":33,"column":113}},{"start":{"line":33,"column":116},"end":{"line":33,"column":120}}],"line":33},"3":{"loc":{"start":{"line":44,"column":8},"end":{"line":46,"column":39}},"type":"cond-expr","locations":[{"start":{"line":45,"column":12},"end":{"line":45,"column":53}},{"start":{"line":46,"column":12},"end":{"line":46,"column":39}}],"line":44},"4":{"loc":{"start":{"line":57,"column":34},"end":{"line":57,"column":120}},"type":"cond-expr","locations":[{"start":{"line":57,"column":69},"end":{"line":57,"column":113}},{"start":{"line":57,"column":116},"end":{"line":57,"column":120}}],"line":57},"5":{"loc":{"start":{"line":68,"column":8},"end":{"line":70,"column":39}},"type":"cond-expr","locations":[{"start":{"line":69,"column":12},"end":{"line":69,"column":53}},{"start":{"line":70,"column":12},"end":{"line":70,"column":39}}],"line":68},"6":{"loc":{"start":{"line":82,"column":34},"end":{"line":82,"column":120}},"type":"cond-expr","locations":[{"start":{"line":82,"column":69},"end":{"line":82,"column":113}},{"start":{"line":82,"column":116},"end":{"line":82,"column":120}}],"line":82},"7":{"loc":{"start":{"line":93,"column":8},"end":{"line":95,"column":39}},"type":"cond-expr","locations":[{"start":{"line":94,"column":12},"end":{"line":94,"column":53}},{"start":{"line":95,"column":12},"end":{"line":95,"column":39}}],"line":93}},"s":{"0":2,"1":2,"2":2,"3":2,"4":2,"5":2,"6":1,"7":1,"8":1,"9":3,"10":3,"11":3,"12":3,"13":3,"14":3,"15":1,"16":2,"17":1,"18":1,"19":1,"20":1,"21":1,"22":1,"23":1,"24":1,"25":0,"26":2,"27":2,"28":2,"29":2,"30":2,"31":2,"32":1,"33":1,"34":1},"f":{"0":2,"1":3,"2":1,"3":2},"b":{"0":[0,2],"1":[0,2],"2":[0,3],"3":[0,3],"4":[0,1],"5":[0,1],"6":[0,2],"7":[0,2]},"_coverageSchema":"43e27e138ebf9cfc5966b082cf9a028302ed4184","hash":"77a94db7f42e928c3c8403dd3ed62d89140e72c8"}
,"D:\\Web development\\Rails\\projekt-frontend\\src\\store\\modules\\team\\getters.js": {"path":"D:\\Web development\\Rails\\projekt-frontend\\src\\store\\modules\\team\\getters.js","statementMap":{"0":{"start":{"line":3,"column":4},"end":{"line":3,"column":28}}},"fnMap":{"0":{"name":"(anonymous_0)","decl":{"start":{"line":2,"column":2},"end":{"line":2,"column":3}},"loc":{"start":{"line":2,"column":23},"end":{"line":4,"column":3}},"line":2}},"branchMap":{},"s":{"0":1},"f":{"0":1},"b":{},"_coverageSchema":"43e27e138ebf9cfc5966b082cf9a028302ed4184","hash":"ee3c9821767cf871df487f717ab52a3086b2d306"}
,"D:\\Web development\\Rails\\projekt-frontend\\src\\store\\modules\\team\\index.js": {"path":"D:\\Web development\\Rails\\projekt-frontend\\src\\store\\modules\\team\\index.js","statementMap":{"0":{"start":{"line":8,"column":8},"end":{"line":10,"column":9}}},"fnMap":{"0":{"name":"(anonymous_0)","decl":{"start":{"line":7,"column":4},"end":{"line":7,"column":5}},"loc":{"start":{"line":7,"column":11},"end":{"line":11,"column":5}},"line":7}},"branchMap":{},"s":{"0":0},"f":{"0":0},"b":{},"hash":"d9a9e5f59d8c21b8ef65bc14fa2630d68b920763"}
,"D:\\Web development\\Rails\\projekt-frontend\\src\\store\\modules\\team\\mutations.js": {"path":"D:\\Web development\\Rails\\projekt-frontend\\src\\store\\modules\\team\\mutations.js","statementMap":{"0":{"start":{"line":3,"column":4},"end":{"line":3,"column":38}},"1":{"start":{"line":6,"column":24},"end":{"line":8,"column":6}},"2":{"start":{"line":7,"column":6},"end":{"line":7,"column":27}},"3":{"start":{"line":9,"column":31},"end":{"line":9,"column":75}},"4":{"start":{"line":10,"column":4},"end":{"line":10,"column":64}}},"fnMap":{"0":{"name":"(anonymous_0)","decl":{"start":{"line":2,"column":2},"end":{"line":2,"column":3}},"loc":{"start":{"line":2,"column":32},"end":{"line":4,"column":3}},"line":2},"1":{"name":"(anonymous_1)","decl":{"start":{"line":5,"column":2},"end":{"line":5,"column":3}},"loc":{"start":{"line":5,"column":27},"end":{"line":11,"column":3}},"line":5},"2":{"name":"(anonymous_2)","decl":{"start":{"line":6,"column":53},"end":{"line":6,"column":54}},"loc":{"start":{"line":6,"column":61},"end":{"line":8,"column":5}},"line":6}},"branchMap":{},"s":{"0":1,"1":1,"2":1,"3":1,"4":1},"f":{"0":1,"1":1,"2":1},"b":{},"_coverageSchema":"43e27e138ebf9cfc5966b082cf9a028302ed4184","hash":"b38b2c8edc1679ef69d427d8ded4a1092cc6bedf"}
,"D:\\Web development\\Rails\\projekt-frontend\\src\\store\\modules\\user\\actions.js": {"path":"D:\\Web development\\Rails\\projekt-frontend\\src\\store\\modules\\user\\actions.js","statementMap":{"0":{"start":{"line":6,"column":4},"end":{"line":23,"column":5}},"1":{"start":{"line":8,"column":8},"end":{"line":10,"column":39}},"2":{"start":{"line":12,"column":23},"end":{"line":12,"column":61}},"3":{"start":{"line":14,"column":6},"end":{"line":14,"column":34}},"4":{"start":{"line":16,"column":6},"end":{"line":16,"column":31}},"5":{"start":{"line":17,"column":6},"end":{"line":17,"column":61}},"6":{"start":{"line":19,"column":6},"end":{"line":19,"column":30}},"7":{"start":{"line":21,"column":6},"end":{"line":21,"column":54}},"8":{"start":{"line":22,"column":6},"end":{"line":22,"column":29}},"9":{"start":{"line":27,"column":4},"end":{"line":43,"column":5}},"10":{"start":{"line":29,"column":8},"end":{"line":31,"column":39}},"11":{"start":{"line":32,"column":23},"end":{"line":32,"column":64}},"12":{"start":{"line":34,"column":6},"end":{"line":34,"column":34}},"13":{"start":{"line":36,"column":6},"end":{"line":36,"column":31}},"14":{"start":{"line":37,"column":6},"end":{"line":37,"column":61}},"15":{"start":{"line":39,"column":6},"end":{"line":39,"column":30}},"16":{"start":{"line":41,"column":6},"end":{"line":41,"column":54}},"17":{"start":{"line":42,"column":6},"end":{"line":42,"column":29}},"18":{"start":{"line":47,"column":4},"end":{"line":47,"column":40}},"19":{"start":{"line":48,"column":4},"end":{"line":48,"column":32}},"20":{"start":{"line":49,"column":4},"end":{"line":49,"column":21}},"21":{"start":{"line":53,"column":4},"end":{"line":73,"column":5}},"22":{"start":{"line":55,"column":8},"end":{"line":57,"column":39}},"23":{"start":{"line":60,"column":34},"end":{"line":60,"column":120}},"24":{"start":{"line":61,"column":20},"end":{"line":61,"column":46}},"25":{"start":{"line":63,"column":21},"end":{"line":68,"column":7}},"26":{"start":{"line":69,"column":23},"end":{"line":69,"column":67}},"27":{"start":{"line":70,"column":6},"end":{"line":70,"column":34}},"28":{"start":{"line":72,"column":6},"end":{"line":72,"column":29}},"29":{"start":{"line":77,"column":4},"end":{"line":103,"column":5}},"30":{"start":{"line":79,"column":8},"end":{"line":81,"column":39}},"31":{"start":{"line":84,"column":34},"end":{"line":84,"column":120}},"32":{"start":{"line":85,"column":20},"end":{"line":85,"column":46}},"33":{"start":{"line":87,"column":21},"end":{"line":92,"column":7}},"34":{"start":{"line":93,"column":23},"end":{"line":97,"column":7}},"35":{"start":{"line":99,"column":6},"end":{"line":99,"column":34}},"36":{"start":{"line":100,"column":6},"end":{"line":100,"column":30}},"37":{"start":{"line":102,"column":6},"end":{"line":102,"column":28}},"38":{"start":{"line":107,"column":4},"end":{"line":107,"column":35}},"39":{"start":{"line":111,"column":4},"end":{"line":111,"column":37}},"40":{"start":{"line":115,"column":4},"end":{"line":125,"column":5}},"41":{"start":{"line":117,"column":8},"end":{"line":119,"column":39}},"42":{"start":{"line":121,"column":23},"end":{"line":121,"column":54}},"43":{"start":{"line":122,"column":6},"end":{"line":122,"column":31}},"44":{"start":{"line":124,"column":6},"end":{"line":124,"column":29}},"45":{"start":{"line":129,"column":4},"end":{"line":129,"column":31}},"46":{"start":{"line":133,"column":4},"end":{"line":133,"column":31}}},"fnMap":{"0":{"name":"(anonymous_0)","decl":{"start":{"line":5,"column":2},"end":{"line":5,"column":3}},"loc":{"start":{"line":5,"column":32},"end":{"line":24,"column":3}},"line":5},"1":{"name":"(anonymous_1)","decl":{"start":{"line":26,"column":2},"end":{"line":26,"column":3}},"loc":{"start":{"line":26,"column":35},"end":{"line":44,"column":3}},"line":26},"2":{"name":"(anonymous_2)","decl":{"start":{"line":46,"column":2},"end":{"line":46,"column":3}},"loc":{"start":{"line":46,"column":21},"end":{"line":50,"column":3}},"line":46},"3":{"name":"(anonymous_3)","decl":{"start":{"line":52,"column":2},"end":{"line":52,"column":3}},"loc":{"start":{"line":52,"column":35},"end":{"line":74,"column":3}},"line":52},"4":{"name":"(anonymous_4)","decl":{"start":{"line":76,"column":2},"end":{"line":76,"column":3}},"loc":{"start":{"line":76,"column":40},"end":{"line":104,"column":3}},"line":76},"5":{"name":"(anonymous_5)","decl":{"start":{"line":106,"column":2},"end":{"line":106,"column":3}},"loc":{"start":{"line":106,"column":35},"end":{"line":108,"column":3}},"line":106},"6":{"name":"(anonymous_6)","decl":{"start":{"line":110,"column":2},"end":{"line":110,"column":3}},"loc":{"start":{"line":110,"column":37},"end":{"line":112,"column":3}},"line":110},"7":{"name":"(anonymous_7)","decl":{"start":{"line":114,"column":2},"end":{"line":114,"column":3}},"loc":{"start":{"line":114,"column":29},"end":{"line":126,"column":3}},"line":114},"8":{"name":"(anonymous_8)","decl":{"start":{"line":128,"column":2},"end":{"line":128,"column":3}},"loc":{"start":{"line":128,"column":29},"end":{"line":130,"column":3}},"line":128},"9":{"name":"(anonymous_9)","decl":{"start":{"line":132,"column":2},"end":{"line":132,"column":3}},"loc":{"start":{"line":132,"column":32},"end":{"line":134,"column":3}},"line":132}},"branchMap":{"0":{"loc":{"start":{"line":8,"column":8},"end":{"line":10,"column":39}},"type":"cond-expr","locations":[{"start":{"line":9,"column":12},"end":{"line":9,"column":53}},{"start":{"line":10,"column":12},"end":{"line":10,"column":39}}],"line":8},"1":{"loc":{"start":{"line":29,"column":8},"end":{"line":31,"column":39}},"type":"cond-expr","locations":[{"start":{"line":30,"column":12},"end":{"line":30,"column":53}},{"start":{"line":31,"column":12},"end":{"line":31,"column":39}}],"line":29},"2":{"loc":{"start":{"line":55,"column":8},"end":{"line":57,"column":39}},"type":"cond-expr","locations":[{"start":{"line":56,"column":12},"end":{"line":56,"column":53}},{"start":{"line":57,"column":12},"end":{"line":57,"column":39}}],"line":55},"3":{"loc":{"start":{"line":60,"column":34},"end":{"line":60,"column":120}},"type":"cond-expr","locations":[{"start":{"line":60,"column":69},"end":{"line":60,"column":113}},{"start":{"line":60,"column":116},"end":{"line":60,"column":120}}],"line":60},"4":{"loc":{"start":{"line":79,"column":8},"end":{"line":81,"column":39}},"type":"cond-expr","locations":[{"start":{"line":80,"column":12},"end":{"line":80,"column":53}},{"start":{"line":81,"column":12},"end":{"line":81,"column":39}}],"line":79},"5":{"loc":{"start":{"line":84,"column":34},"end":{"line":84,"column":120}},"type":"cond-expr","locations":[{"start":{"line":84,"column":69},"end":{"line":84,"column":113}},{"start":{"line":84,"column":116},"end":{"line":84,"column":120}}],"line":84},"6":{"loc":{"start":{"line":117,"column":8},"end":{"line":119,"column":39}},"type":"cond-expr","locations":[{"start":{"line":118,"column":12},"end":{"line":118,"column":53}},{"start":{"line":119,"column":12},"end":{"line":119,"column":39}}],"line":117}},"s":{"0":2,"1":2,"2":2,"3":1,"4":1,"5":1,"6":1,"7":1,"8":1,"9":2,"10":2,"11":2,"12":1,"13":1,"14":1,"15":1,"16":1,"17":1,"18":1,"19":1,"20":1,"21":2,"22":2,"23":2,"24":2,"25":2,"26":2,"27":1,"28":1,"29":2,"30":2,"31":2,"32":2,"33":2,"34":2,"35":1,"36":1,"37":1,"38":1,"39":1,"40":2,"41":2,"42":2,"43":1,"44":1,"45":1,"46":1},"f":{"0":2,"1":2,"2":1,"3":2,"4":2,"5":1,"6":1,"7":2,"8":1,"9":1},"b":{"0":[0,2],"1":[0,2],"2":[0,2],"3":[0,2],"4":[0,2],"5":[0,2],"6":[0,2]},"_coverageSchema":"43e27e138ebf9cfc5966b082cf9a028302ed4184","hash":"77fe740a7ad80b7d1543da26345de0bce283f7f5"}
,"D:\\Web development\\Rails\\projekt-frontend\\src\\store\\modules\\user\\getters.js": {"path":"D:\\Web development\\Rails\\projekt-frontend\\src\\store\\modules\\user\\getters.js","statementMap":{"0":{"start":{"line":3,"column":4},"end":{"line":3,"column":25}},"1":{"start":{"line":6,"column":4},"end":{"line":6,"column":22}},"2":{"start":{"line":9,"column":4},"end":{"line":9,"column":22}}},"fnMap":{"0":{"name":"(anonymous_0)","decl":{"start":{"line":2,"column":2},"end":{"line":2,"column":3}},"loc":{"start":{"line":2,"column":20},"end":{"line":4,"column":3}},"line":2},"1":{"name":"(anonymous_1)","decl":{"start":{"line":5,"column":2},"end":{"line":5,"column":3}},"loc":{"start":{"line":5,"column":17},"end":{"line":7,"column":3}},"line":5},"2":{"name":"(anonymous_2)","decl":{"start":{"line":8,"column":2},"end":{"line":8,"column":3}},"loc":{"start":{"line":8,"column":17},"end":{"line":10,"column":3}},"line":8}},"branchMap":{},"s":{"0":1,"1":1,"2":1},"f":{"0":1,"1":1,"2":1},"b":{},"_coverageSchema":"43e27e138ebf9cfc5966b082cf9a028302ed4184","hash":"cd4c06a70ab8a0816467282f9b2ea8484add5453"}
,"D:\\Web development\\Rails\\projekt-frontend\\src\\store\\modules\\user\\index.js": {"path":"D:\\Web development\\Rails\\projekt-frontend\\src\\store\\modules\\user\\index.js","statementMap":{"0":{"start":{"line":8,"column":8},"end":{"line":12,"column":9}}},"fnMap":{"0":{"name":"(anonymous_0)","decl":{"start":{"line":7,"column":4},"end":{"line":7,"column":5}},"loc":{"start":{"line":7,"column":11},"end":{"line":13,"column":5}},"line":7}},"branchMap":{},"s":{"0":0},"f":{"0":0},"b":{},"hash":"0e1b75627035b86e3dadf7bc514b12389fdbfb98"}
,"D:\\Web development\\Rails\\projekt-frontend\\src\\store\\modules\\user\\mutations.js": {"path":"D:\\Web development\\Rails\\projekt-frontend\\src\\store\\modules\\user\\mutations.js","statementMap":{"0":{"start":{"line":3,"column":4},"end":{"line":3,"column":32}},"1":{"start":{"line":6,"column":4},"end":{"line":6,"column":30}},"2":{"start":{"line":9,"column":4},"end":{"line":9,"column":32}},"3":{"start":{"line":12,"column":4},"end":{"line":12,"column":42}},"4":{"start":{"line":15,"column":4},"end":{"line":15,"column":44}}},"fnMap":{"0":{"name":"(anonymous_0)","decl":{"start":{"line":2,"column":2},"end":{"line":2,"column":3}},"loc":{"start":{"line":2,"column":26},"end":{"line":4,"column":3}},"line":2},"1":{"name":"(anonymous_1)","decl":{"start":{"line":5,"column":2},"end":{"line":5,"column":3}},"loc":{"start":{"line":5,"column":24},"end":{"line":7,"column":3}},"line":5},"2":{"name":"(anonymous_2)","decl":{"start":{"line":8,"column":2},"end":{"line":8,"column":3}},"loc":{"start":{"line":8,"column":26},"end":{"line":10,"column":3}},"line":8},"3":{"name":"(anonymous_3)","decl":{"start":{"line":11,"column":2},"end":{"line":11,"column":3}},"loc":{"start":{"line":11,"column":29},"end":{"line":13,"column":3}},"line":11},"4":{"name":"(anonymous_4)","decl":{"start":{"line":14,"column":2},"end":{"line":14,"column":3}},"loc":{"start":{"line":14,"column":31},"end":{"line":16,"column":3}},"line":14}},"branchMap":{},"s":{"0":1,"1":1,"2":1,"3":1,"4":1},"f":{"0":1,"1":1,"2":1,"3":1,"4":1},"b":{},"_coverageSchema":"43e27e138ebf9cfc5966b082cf9a028302ed4184","hash":"88dc7adad6c15f75e40b03b474c4fe9689030a1d"}
,"D:\\Web development\\Rails\\projekt-frontend\\src\\views\\CreateProject.vue": {"path":"D:\\Web development\\Rails\\projekt-frontend\\src\\views\\CreateProject.vue","statementMap":{"0":{"start":{"line":84,"column":0},"end":{"line":84,"column":null}},"1":{"start":{"line":85,"column":0},"end":{"line":85,"column":null}},"2":{"start":{"line":89,"column":0},"end":{"line":89,"column":null}},"3":{"start":{"line":103,"column":0},"end":{"line":103,"column":null}},"4":{"start":{"line":112,"column":0},"end":{"line":112,"column":null}},"5":{"start":{"line":115,"column":0},"end":{"line":115,"column":null}},"6":{"start":{"line":116,"column":0},"end":{"line":116,"column":null}},"7":{"start":{"line":117,"column":0},"end":{"line":117,"column":null}},"8":{"start":{"line":118,"column":0},"end":{"line":118,"column":null}},"9":{"start":{"line":119,"column":0},"end":{"line":129,"column":null}},"10":{"start":{"line":124,"column":0},"end":{"line":124,"column":null}},"11":{"start":{"line":127,"column":0},"end":{"line":127,"column":null}},"12":{"start":{"line":128,"column":0},"end":{"line":128,"column":null}},"13":{"start":{"line":132,"column":0},"end":{"line":132,"column":null}}},"fnMap":{"0":{"name":"(anonymous_1)","decl":{"start":{"line":88,"column":0},"end":{"line":88,"column":null}},"loc":{"start":{"line":88,"column":0},"end":{"line":97,"column":null}}},"1":{"name":"(anonymous_2)","decl":{"start":{"line":102,"column":0},"end":{"line":102,"column":null}},"loc":{"start":{"line":102,"column":0},"end":{"line":110,"column":null}}},"2":{"name":"(anonymous_3)","decl":{"start":{"line":111,"column":0},"end":{"line":111,"column":null}},"loc":{"start":{"line":111,"column":0},"end":{"line":113,"column":null}}},"3":{"name":"(anonymous_4)","decl":{"start":{"line":114,"column":0},"end":{"line":114,"column":null}},"loc":{"start":{"line":114,"column":0},"end":{"line":130,"column":null}}},"4":{"name":"(anonymous_5)","decl":{"start":{"line":119,"column":0},"end":{"line":119,"column":null}},"loc":{"start":{"line":119,"column":0},"end":{"line":125,"column":null}}},"5":{"name":"(anonymous_6)","decl":{"start":{"line":125,"column":0},"end":{"line":125,"column":null}},"loc":{"start":{"line":125,"column":0},"end":{"line":129,"column":null}}},"6":{"name":"(anonymous_7)","decl":{"start":{"line":131,"column":0},"end":{"line":131,"column":null}},"loc":{"start":{"line":131,"column":0},"end":{"line":133,"column":null}}}},"branchMap":{},"s":{"0":1,"1":1,"2":19,"3":1,"4":1,"5":1,"6":1,"7":1,"8":1,"9":1,"10":1,"11":1,"12":1,"13":1},"f":{"0":19,"1":1,"2":1,"3":1,"4":1,"5":1,"6":1},"b":{}}
,"D:\\Web development\\Rails\\projekt-frontend\\src\\views\\CreateTeam.vue": {"path":"D:\\Web development\\Rails\\projekt-frontend\\src\\views\\CreateTeam.vue","statementMap":{"0":{"start":{"line":50,"column":0},"end":{"line":50,"column":null}},"1":{"start":{"line":51,"column":0},"end":{"line":51,"column":null}},"2":{"start":{"line":55,"column":0},"end":{"line":55,"column":null}},"3":{"start":{"line":67,"column":0},"end":{"line":67,"column":null}},"4":{"start":{"line":70,"column":0},"end":{"line":70,"column":null}},"5":{"start":{"line":79,"column":0},"end":{"line":79,"column":null}}},"fnMap":{"0":{"name":"(anonymous_1)","decl":{"start":{"line":54,"column":0},"end":{"line":54,"column":null}},"loc":{"start":{"line":54,"column":0},"end":{"line":60,"column":null}}},"1":{"name":"(anonymous_2)","decl":{"start":{"line":66,"column":0},"end":{"line":66,"column":null}},"loc":{"start":{"line":66,"column":0},"end":{"line":68,"column":null}}},"2":{"name":"(anonymous_3)","decl":{"start":{"line":69,"column":0},"end":{"line":69,"column":null}},"loc":{"start":{"line":69,"column":0},"end":{"line":71,"column":null}}},"3":{"name":"(anonymous_4)","decl":{"start":{"line":78,"column":0},"end":{"line":78,"column":null}},"loc":{"start":{"line":78,"column":0},"end":{"line":80,"column":null}}}},"branchMap":{},"s":{"0":1,"1":1,"2":14,"3":1,"4":1,"5":14},"f":{"0":14,"1":1,"2":1,"3":14},"b":{}}
,"D:\\Web development\\Rails\\projekt-frontend\\src\\views\\EditProject.vue": {"path":"D:\\Web development\\Rails\\projekt-frontend\\src\\views\\EditProject.vue","statementMap":{"0":{"start":{"line":63,"column":0},"end":{"line":63,"column":null}},"1":{"start":{"line":64,"column":0},"end":{"line":64,"column":null}},"2":{"start":{"line":68,"column":0},"end":{"line":68,"column":null}},"3":{"start":{"line":82,"column":0},"end":{"line":82,"column":null}},"4":{"start":{"line":85,"column":0},"end":{"line":85,"column":null}},"5":{"start":{"line":86,"column":0},"end":{"line":86,"column":null}},"6":{"start":{"line":87,"column":0},"end":{"line":87,"column":null}},"7":{"start":{"line":88,"column":0},"end":{"line":88,"column":null}},"8":{"start":{"line":89,"column":0},"end":{"line":99,"column":null}},"9":{"start":{"line":94,"column":0},"end":{"line":94,"column":null}},"10":{"start":{"line":97,"column":0},"end":{"line":97,"column":null}},"11":{"start":{"line":98,"column":0},"end":{"line":98,"column":null}},"12":{"start":{"line":102,"column":0},"end":{"line":102,"column":null}},"13":{"start":{"line":105,"column":0},"end":{"line":105,"column":null}},"14":{"start":{"line":108,"column":0},"end":{"line":108,"column":null}},"15":{"start":{"line":118,"column":0},"end":{"line":118,"column":null}}},"fnMap":{"0":{"name":"(anonymous_1)","decl":{"start":{"line":67,"column":0},"end":{"line":67,"column":null}},"loc":{"start":{"line":67,"column":0},"end":{"line":74,"column":null}}},"1":{"name":"(anonymous_2)","decl":{"start":{"line":81,"column":0},"end":{"line":81,"column":null}},"loc":{"start":{"line":81,"column":0},"end":{"line":83,"column":null}}},"2":{"name":"(anonymous_3)","decl":{"start":{"line":84,"column":0},"end":{"line":84,"column":null}},"loc":{"start":{"line":84,"column":0},"end":{"line":100,"column":null}}},"3":{"name":"(anonymous_4)","decl":{"start":{"line":89,"column":0},"end":{"line":89,"column":null}},"loc":{"start":{"line":89,"column":0},"end":{"line":95,"column":null}}},"4":{"name":"(anonymous_5)","decl":{"start":{"line":95,"column":0},"end":{"line":95,"column":null}},"loc":{"start":{"line":95,"column":0},"end":{"line":99,"column":null}}},"5":{"name":"(anonymous_6)","decl":{"start":{"line":101,"column":0},"end":{"line":101,"column":null}},"loc":{"start":{"line":101,"column":0},"end":{"line":103,"column":null}}},"6":{"name":"(anonymous_7)","decl":{"start":{"line":104,"column":0},"end":{"line":104,"column":null}},"loc":{"start":{"line":104,"column":0},"end":{"line":106,"column":null}}},"7":{"name":"(anonymous_8)","decl":{"start":{"line":107,"column":0},"end":{"line":107,"column":null}},"loc":{"start":{"line":107,"column":0},"end":{"line":116,"column":null}}},"8":{"name":"(anonymous_9)","decl":{"start":{"line":117,"column":0},"end":{"line":117,"column":null}},"loc":{"start":{"line":117,"column":0},"end":{"line":119,"column":null}}}},"branchMap":{},"s":{"0":1,"1":1,"2":18,"3":1,"4":1,"5":1,"6":1,"7":1,"8":1,"9":1,"10":1,"11":1,"12":1,"13":1,"14":1,"15":1},"f":{"0":18,"1":1,"2":1,"3":1,"4":1,"5":1,"6":1,"7":1,"8":1},"b":{}}
,"D:\\Web development\\Rails\\projekt-frontend\\src\\views\\EditTeam.vue": {"path":"D:\\Web development\\Rails\\projekt-frontend\\src\\views\\EditTeam.vue","statementMap":{"0":{"start":{"line":69,"column":0},"end":{"line":69,"column":null}},"1":{"start":{"line":70,"column":0},"end":{"line":70,"column":null}},"2":{"start":{"line":74,"column":0},"end":{"line":74,"column":null}},"3":{"start":{"line":86,"column":0},"end":{"line":88,"column":null}},"4":{"start":{"line":87,"column":0},"end":{"line":87,"column":null}},"5":{"start":{"line":89,"column":0},"end":{"line":89,"column":null}},"6":{"start":{"line":96,"column":0},"end":{"line":96,"column":null}},"7":{"start":{"line":99,"column":0},"end":{"line":101,"column":null}},"8":{"start":{"line":100,"column":0},"end":{"line":100,"column":null}},"9":{"start":{"line":104,"column":0},"end":{"line":104,"column":null}},"10":{"start":{"line":105,"column":0},"end":{"line":105,"column":null}},"11":{"start":{"line":106,"column":0},"end":{"line":106,"column":null}},"12":{"start":{"line":116,"column":0},"end":{"line":116,"column":null}},"13":{"start":{"line":117,"column":0},"end":{"line":117,"column":null}}},"fnMap":{"0":{"name":"(anonymous_1)","decl":{"start":{"line":73,"column":0},"end":{"line":73,"column":null}},"loc":{"start":{"line":73,"column":0},"end":{"line":79,"column":null}}},"1":{"name":"(anonymous_2)","decl":{"start":{"line":85,"column":0},"end":{"line":85,"column":null}},"loc":{"start":{"line":85,"column":0},"end":{"line":94,"column":null}}},"2":{"name":"(anonymous_3)","decl":{"start":{"line":86,"column":0},"end":{"line":86,"column":null}},"loc":{"start":{"line":86,"column":0},"end":{"line":88,"column":null}}},"3":{"name":"(anonymous_4)","decl":{"start":{"line":95,"column":0},"end":{"line":95,"column":null}},"loc":{"start":{"line":95,"column":0},"end":{"line":97,"column":null}}},"4":{"name":"(anonymous_5)","decl":{"start":{"line":98,"column":0},"end":{"line":98,"column":null}},"loc":{"start":{"line":98,"column":0},"end":{"line":102,"column":null}}},"5":{"name":"(anonymous_6)","decl":{"start":{"line":99,"column":0},"end":{"line":99,"column":null}},"loc":{"start":{"line":99,"column":0},"end":{"line":101,"column":null}}},"6":{"name":"(anonymous_7)","decl":{"start":{"line":103,"column":0},"end":{"line":103,"column":null}},"loc":{"start":{"line":103,"column":0},"end":{"line":107,"column":null}}},"7":{"name":"(anonymous_8)","decl":{"start":{"line":115,"column":0},"end":{"line":115,"column":null}},"loc":{"start":{"line":115,"column":0},"end":{"line":118,"column":null}}}},"branchMap":{"0":{"loc":{"start":{"line":99,"column":0},"end":{"line":99,"column":null}},"type":"cond-expr","locations":[{"start":{"line":99,"column":0},"end":{"line":99,"column":null}},{"start":{"line":99,"column":0},"end":{"line":101,"column":null}}]},"1":{"loc":{"start":{"line":99,"column":0},"end":{"line":99,"column":null}},"type":"binary-expr","locations":[{"start":{"line":99,"column":0},"end":{"line":99,"column":null}},{"start":{"line":99,"column":0},"end":{"line":99,"column":null}}]}},"s":{"0":1,"1":1,"2":20,"3":1,"4":0,"5":1,"6":1,"7":20,"8":20,"9":1,"10":1,"11":1,"12":20,"13":20},"f":{"0":20,"1":1,"2":0,"3":1,"4":20,"5":20,"6":1,"7":20},"b":{"0":[0,20],"1":[20,20]}}
,"D:\\Web development\\Rails\\projekt-frontend\\src\\views\\EditUser.vue": {"path":"D:\\Web development\\Rails\\projekt-frontend\\src\\views\\EditUser.vue","statementMap":{"0":{"start":{"line":54,"column":0},"end":{"line":54,"column":null}},"1":{"start":{"line":55,"column":0},"end":{"line":55,"column":null}},"2":{"start":{"line":56,"column":0},"end":{"line":56,"column":null}},"3":{"start":{"line":60,"column":0},"end":{"line":60,"column":null}},"4":{"start":{"line":90,"column":0},"end":{"line":90,"column":null}},"5":{"start":{"line":93,"column":0},"end":{"line":93,"column":null}},"6":{"start":{"line":96,"column":0},"end":{"line":96,"column":null}},"7":{"start":{"line":98,"column":0},"end":{"line":98,"column":null}}},"fnMap":{"0":{"name":"(anonymous_1)","decl":{"start":{"line":59,"column":0},"end":{"line":59,"column":null}},"loc":{"start":{"line":59,"column":0},"end":{"line":63,"column":null}}},"1":{"name":"(anonymous_2)","decl":{"start":{"line":89,"column":0},"end":{"line":89,"column":null}},"loc":{"start":{"line":89,"column":0},"end":{"line":91,"column":null}}},"2":{"name":"(anonymous_3)","decl":{"start":{"line":92,"column":0},"end":{"line":92,"column":null}},"loc":{"start":{"line":92,"column":0},"end":{"line":94,"column":null}}},"3":{"name":"(anonymous_4)","decl":{"start":{"line":95,"column":0},"end":{"line":95,"column":null}},"loc":{"start":{"line":95,"column":0},"end":{"line":99,"column":null}}}},"branchMap":{},"s":{"0":1,"1":1,"2":1,"3":9,"4":1,"5":1,"6":1,"7":1},"f":{"0":9,"1":1,"2":1,"3":1},"b":{}}
,"D:\\Web development\\Rails\\projekt-frontend\\src\\views\\Home.vue": {"path":"D:\\Web development\\Rails\\projekt-frontend\\src\\views\\Home.vue","statementMap":{"0":{"start":{"line":15,"column":0},"end":{"line":15,"column":null}}},"fnMap":{},"branchMap":{},"s":{"0":4},"f":{},"b":{}}
,"D:\\Web development\\Rails\\projekt-frontend\\src\\views\\Login.vue": {"path":"D:\\Web development\\Rails\\projekt-frontend\\src\\views\\Login.vue","statementMap":{"0":{"start":{"line":50,"column":0},"end":{"line":50,"column":null}},"1":{"start":{"line":51,"column":0},"end":{"line":51,"column":null}},"2":{"start":{"line":52,"column":0},"end":{"line":52,"column":null}},"3":{"start":{"line":56,"column":0},"end":{"line":56,"column":null}},"4":{"start":{"line":81,"column":0},"end":{"line":81,"column":null}},"5":{"start":{"line":84,"column":0},"end":{"line":84,"column":null}},"6":{"start":{"line":86,"column":0},"end":{"line":86,"column":null}}},"fnMap":{"0":{"name":"(anonymous_1)","decl":{"start":{"line":55,"column":0},"end":{"line":55,"column":null}},"loc":{"start":{"line":55,"column":0},"end":{"line":60,"column":null}}},"1":{"name":"(anonymous_2)","decl":{"start":{"line":80,"column":0},"end":{"line":80,"column":null}},"loc":{"start":{"line":80,"column":0},"end":{"line":82,"column":null}}},"2":{"name":"(anonymous_3)","decl":{"start":{"line":83,"column":0},"end":{"line":83,"column":null}},"loc":{"start":{"line":83,"column":0},"end":{"line":87,"column":null}}}},"branchMap":{},"s":{"0":4,"1":4,"2":4,"3":11,"4":1,"5":1,"6":1},"f":{"0":11,"1":1,"2":1},"b":{}}
,"D:\\Web development\\Rails\\projekt-frontend\\src\\views\\Profile.vue": {"path":"D:\\Web development\\Rails\\projekt-frontend\\src\\views\\Profile.vue","statementMap":{"0":{"start":{"line":14,"column":0},"end":{"line":14,"column":null}},"1":{"start":{"line":15,"column":0},"end":{"line":15,"column":null}},"2":{"start":{"line":16,"column":0},"end":{"line":16,"column":null}},"3":{"start":{"line":17,"column":0},"end":{"line":17,"column":null}}},"fnMap":{},"branchMap":{},"s":{"0":2,"1":2,"2":2,"3":2},"f":{},"b":{}}
,"D:\\Web development\\Rails\\projekt-frontend\\src\\views\\Project.vue": {"path":"D:\\Web development\\Rails\\projekt-frontend\\src\\views\\Project.vue","statementMap":{"0":{"start":{"line":56,"column":0},"end":{"line":56,"column":null}},"1":{"start":{"line":57,"column":0},"end":{"line":57,"column":null}},"2":{"start":{"line":61,"column":0},"end":{"line":61,"column":null}},"3":{"start":{"line":71,"column":0},"end":{"line":71,"column":null}},"4":{"start":{"line":74,"column":0},"end":{"line":74,"column":null}},"5":{"start":{"line":77,"column":0},"end":{"line":77,"column":null}},"6":{"start":{"line":87,"column":0},"end":{"line":87,"column":null}}},"fnMap":{"0":{"name":"(anonymous_1)","decl":{"start":{"line":60,"column":0},"end":{"line":60,"column":null}},"loc":{"start":{"line":60,"column":0},"end":{"line":64,"column":null}}},"1":{"name":"(anonymous_2)","decl":{"start":{"line":70,"column":0},"end":{"line":70,"column":null}},"loc":{"start":{"line":70,"column":0},"end":{"line":72,"column":null}}},"2":{"name":"(anonymous_3)","decl":{"start":{"line":73,"column":0},"end":{"line":73,"column":null}},"loc":{"start":{"line":73,"column":0},"end":{"line":75,"column":null}}},"3":{"name":"(anonymous_4)","decl":{"start":{"line":76,"column":0},"end":{"line":76,"column":null}},"loc":{"start":{"line":76,"column":0},"end":{"line":78,"column":null}}},"4":{"name":"(anonymous_5)","decl":{"start":{"line":86,"column":0},"end":{"line":86,"column":null}},"loc":{"start":{"line":86,"column":0},"end":{"line":88,"column":null}}}},"branchMap":{},"s":{"0":1,"1":1,"2":14,"3":1,"4":1,"5":1,"6":14},"f":{"0":14,"1":1,"2":1,"3":1,"4":14},"b":{}}
,"D:\\Web development\\Rails\\projekt-frontend\\src\\views\\Register.vue": {"path":"D:\\Web development\\Rails\\projekt-frontend\\src\\views\\Register.vue","statementMap":{"0":{"start":{"line":62,"column":0},"end":{"line":62,"column":null}},"1":{"start":{"line":63,"column":0},"end":{"line":63,"column":null}},"2":{"start":{"line":64,"column":0},"end":{"line":64,"column":null}},"3":{"start":{"line":68,"column":0},"end":{"line":68,"column":null}},"4":{"start":{"line":97,"column":0},"end":{"line":97,"column":null}},"5":{"start":{"line":100,"column":0},"end":{"line":100,"column":null}},"6":{"start":{"line":101,"column":0},"end":{"line":101,"column":null}}},"fnMap":{"0":{"name":"(anonymous_1)","decl":{"start":{"line":67,"column":0},"end":{"line":67,"column":null}},"loc":{"start":{"line":67,"column":0},"end":{"line":73,"column":null}}},"1":{"name":"(anonymous_2)","decl":{"start":{"line":96,"column":0},"end":{"line":96,"column":null}},"loc":{"start":{"line":96,"column":0},"end":{"line":98,"column":null}}},"2":{"name":"(anonymous_3)","decl":{"start":{"line":99,"column":0},"end":{"line":99,"column":null}},"loc":{"start":{"line":99,"column":0},"end":{"line":106,"column":null}}}},"branchMap":{},"s":{"0":1,"1":1,"2":1,"3":12,"4":1,"5":1,"6":1},"f":{"0":12,"1":1,"2":1},"b":{}}
,"D:\\Web development\\Rails\\projekt-frontend\\src\\views\\Team.vue": {"path":"D:\\Web development\\Rails\\projekt-frontend\\src\\views\\Team.vue","statementMap":{"0":{"start":{"line":58,"column":0},"end":{"line":58,"column":null}},"1":{"start":{"line":59,"column":0},"end":{"line":59,"column":null}},"2":{"start":{"line":63,"column":0},"end":{"line":63,"column":null}},"3":{"start":{"line":73,"column":0},"end":{"line":73,"column":null}},"4":{"start":{"line":76,"column":0},"end":{"line":76,"column":null}},"5":{"start":{"line":79,"column":0},"end":{"line":79,"column":null}},"6":{"start":{"line":87,"column":0},"end":{"line":87,"column":null}},"7":{"start":{"line":90,"column":0},"end":{"line":90,"column":null}},"8":{"start":{"line":93,"column":0},"end":{"line":93,"column":null}},"9":{"start":{"line":97,"column":0},"end":{"line":97,"column":null}}},"fnMap":{"0":{"name":"(anonymous_1)","decl":{"start":{"line":62,"column":0},"end":{"line":62,"column":null}},"loc":{"start":{"line":62,"column":0},"end":{"line":66,"column":null}}},"1":{"name":"(anonymous_2)","decl":{"start":{"line":72,"column":0},"end":{"line":72,"column":null}},"loc":{"start":{"line":72,"column":0},"end":{"line":74,"column":null}}},"2":{"name":"(anonymous_3)","decl":{"start":{"line":75,"column":0},"end":{"line":75,"column":null}},"loc":{"start":{"line":75,"column":0},"end":{"line":77,"column":null}}},"3":{"name":"(anonymous_4)","decl":{"start":{"line":78,"column":0},"end":{"line":78,"column":null}},"loc":{"start":{"line":78,"column":0},"end":{"line":80,"column":null}}},"4":{"name":"(anonymous_5)","decl":{"start":{"line":86,"column":0},"end":{"line":86,"column":null}},"loc":{"start":{"line":86,"column":0},"end":{"line":88,"column":null}}},"5":{"name":"(anonymous_6)","decl":{"start":{"line":89,"column":0},"end":{"line":89,"column":null}},"loc":{"start":{"line":89,"column":0},"end":{"line":91,"column":null}}},"6":{"name":"(anonymous_7)","decl":{"start":{"line":92,"column":0},"end":{"line":92,"column":null}},"loc":{"start":{"line":92,"column":0},"end":{"line":94,"column":null}}},"7":{"name":"(anonymous_8)","decl":{"start":{"line":96,"column":0},"end":{"line":96,"column":null}},"loc":{"start":{"line":96,"column":0},"end":{"line":98,"column":null}}}},"branchMap":{},"s":{"0":1,"1":1,"2":19,"3":1,"4":1,"5":1,"6":0,"7":19,"8":19,"9":19},"f":{"0":19,"1":1,"2":1,"3":1,"4":0,"5":19,"6":19,"7":19},"b":{}}
}
