TN:
SF:D:\Web development\Rails\projekt-frontend\src\App.vue
FN:17,(anonymous_1)
FNF:1
FNH:1
FNDA:2,(anonymous_1)
DA:10,1
DA:11,1
DA:18,2
DA:19,0
LF:4
LH:3
BRDA:18,0,0,0
BRDA:18,0,1,2
BRF:2
BRH:1
end_of_record
TN:
SF:D:\Web development\Rails\projekt-frontend\src\main.js
FN:12,(anonymous_0)
FN:16,(anonymous_1)
FN:27,(anonymous_2)
FNF:3
FNH:0
FNDA:0,(anonymous_0)
FNDA:0,(anonymous_1)
FNDA:0,(anonymous_2)
DA:8,0
DA:10,0
DA:12,0
DA:16,0
DA:17,0
DA:18,0
DA:22,0
DA:24,0
DA:27,0
LF:9
LH:0
BRDA:17,0,0,0
BRDA:17,0,1,0
BRF:2
BRH:0
end_of_record
TN:
SF:D:\Web development\Rails\projekt-frontend\src\components\Footer.vue
FNF:0
FNH:0
DA:9,2
LF:1
LH:1
BRF:0
BRH:0
end_of_record
TN:
SF:D:\Web development\Rails\projekt-frontend\src\components\MyProjects.vue
FN:29,(anonymous_1)
FNF:1
FNH:0
FNDA:0,(anonymous_1)
DA:15,3
DA:16,3
DA:17,3
DA:30,0
LF:4
LH:3
BRF:0
BRH:0
end_of_record
TN:
SF:D:\Web development\Rails\projekt-frontend\src\components\MyTeams.vue
FN:27,(anonymous_1)
FNF:1
FNH:0
FNDA:0,(anonymous_1)
DA:13,3
DA:14,3
DA:15,3
DA:28,0
LF:4
LH:3
BRF:0
BRH:0
end_of_record
TN:
SF:D:\Web development\Rails\projekt-frontend\src\components\Navbar.vue
FN:144,(anonymous_1)
FN:158,(anonymous_2)
FN:161,(anonymous_3)
FN:164,(anonymous_4)
FN:167,(anonymous_5)
FN:170,(anonymous_6)
FN:173,(anonymous_7)
FN:176,(anonymous_8)
FNF:8
FNH:5
FNDA:27,(anonymous_1)
FNDA:0,(anonymous_2)
FNDA:0,(anonymous_3)
FNDA:2,(anonymous_4)
FNDA:2,(anonymous_5)
FNDA:2,(anonymous_6)
FNDA:2,(anonymous_7)
FNDA:0,(anonymous_8)
DA:136,2
DA:137,2
DA:138,2
DA:139,2
DA:140,2
DA:145,27
DA:159,0
DA:162,0
DA:165,2
DA:168,2
DA:171,2
DA:174,2
DA:177,0
LF:13
LH:10
BRF:0
BRH:0
end_of_record
TN:
SF:D:\Web development\Rails\projekt-frontend\src\components\Project.vue
FNF:0
FNH:0
DA:9,4
LF:1
LH:1
BRF:0
BRH:0
end_of_record
TN:
SF:D:\Web development\Rails\projekt-frontend\src\components\Team.vue
FNF:0
FNH:0
DA:9,4
LF:1
LH:1
BRF:0
BRH:0
end_of_record
TN:
SF:D:\Web development\Rails\projekt-frontend\src\directives\test.js
FN:1,(anonymous_0)
FN:3,(anonymous_1)
FNF:2
FNH:2
FNDA:2503,(anonymous_0)
FNDA:2503,(anonymous_1)
DA:2,2503
DA:3,2503
DA:4,2503
LF:3
LH:3
BRDA:2,0,0,2503
BRDA:2,0,1,0
BRF:2
BRH:1
end_of_record
TN:
SF:D:\Web development\Rails\projekt-frontend\src\router\index.js
FN:23,(anonymous_0)
FN:34,(anonymous_1)
FN:45,(anonymous_2)
FN:56,(anonymous_3)
FN:67,(anonymous_4)
FN:78,(anonymous_5)
FN:89,(anonymous_6)
FN:100,(anonymous_7)
FN:111,(anonymous_8)
FN:122,(anonymous_9)
FN:135,(anonymous_10)
FNF:11
FNH:3
FNDA:3,(anonymous_0)
FNDA:0,(anonymous_1)
FNDA:1,(anonymous_2)
FNDA:0,(anonymous_3)
FNDA:0,(anonymous_4)
FNDA:0,(anonymous_5)
FNDA:0,(anonymous_6)
FNDA:0,(anonymous_7)
FNDA:0,(anonymous_8)
FNDA:0,(anonymous_9)
FNDA:12,(anonymous_10)
DA:6,3
DA:8,3
DA:23,3
DA:34,0
DA:45,1
DA:56,0
DA:67,0
DA:78,0
DA:89,0
DA:100,0
DA:111,0
DA:122,0
DA:129,3
DA:135,3
DA:136,12
DA:137,7
DA:138,5
DA:139,0
DA:141,5
LF:19
LH:10
BRDA:136,0,0,7
BRDA:136,0,1,5
BRDA:136,1,0,12
BRDA:136,1,1,8
BRDA:138,2,0,0
BRDA:138,2,1,5
BRDA:138,3,0,5
BRDA:138,3,1,4
BRF:8
BRH:7
end_of_record
TN:
SF:D:\Web development\Rails\projekt-frontend\src\store\index.js
FNF:0
FNH:0
DA:7,0
LF:1
LH:0
BRF:0
BRH:0
end_of_record
TN:
SF:D:\Web development\Rails\projekt-frontend\src\store\modules\project\actions.js
FN:5,(anonymous_0)
FN:32,(anonymous_1)
FN:59,(anonymous_2)
FN:62,(anonymous_3)
FN:65,(anonymous_4)
FN:94,(anonymous_5)
FNF:6
FNH:6
FNDA:2,(anonymous_0)
FNDA:2,(anonymous_1)
FNDA:1,(anonymous_2)
FNDA:1,(anonymous_3)
FNDA:2,(anonymous_4)
FNDA:2,(anonymous_5)
DA:6,2
DA:8,2
DA:9,2
DA:11,2
DA:19,2
DA:23,2
DA:24,1
DA:26,1
DA:28,1
DA:33,2
DA:35,2
DA:36,2
DA:38,2
DA:46,2
DA:50,2
DA:54,1
DA:56,1
DA:60,1
DA:63,1
DA:66,2
DA:68,2
DA:69,2
DA:71,2
DA:79,2
DA:83,2
DA:88,1
DA:89,1
DA:91,1
DA:95,2
DA:97,2
DA:98,2
DA:100,2
DA:108,2
DA:112,2
DA:116,1
DA:117,1
DA:119,1
LF:37
LH:37
BRDA:8,0,0,0
BRDA:8,0,1,2
BRDA:19,1,0,0
BRDA:19,1,1,2
BRDA:35,2,0,0
BRDA:35,2,1,2
BRDA:46,3,0,0
BRDA:46,3,1,2
BRDA:68,4,0,0
BRDA:68,4,1,2
BRDA:79,5,0,0
BRDA:79,5,1,2
BRDA:97,6,0,0
BRDA:97,6,1,2
BRDA:108,7,0,0
BRDA:108,7,1,2
BRF:16
BRH:8
end_of_record
TN:
SF:D:\Web development\Rails\projekt-frontend\src\store\modules\project\getters.js
FN:2,(anonymous_0)
FNF:1
FNH:1
FNDA:1,(anonymous_0)
DA:3,1
LF:1
LH:1
BRF:0
BRH:0
end_of_record
TN:
SF:D:\Web development\Rails\projekt-frontend\src\store\modules\project\index.js
FN:7,(anonymous_0)
FNF:1
FNH:0
FNDA:0,(anonymous_0)
DA:8,0
LF:1
LH:0
BRF:0
BRH:0
end_of_record
TN:
SF:D:\Web development\Rails\projekt-frontend\src\store\modules\project\mutations.js
FN:2,(anonymous_0)
FN:5,(anonymous_1)
FN:8,(anonymous_2)
FNF:3
FNH:3
FNDA:1,(anonymous_0)
FNDA:1,(anonymous_1)
FNDA:1,(anonymous_2)
DA:3,1
DA:6,1
DA:9,1
LF:3
LH:3
BRF:0
BRH:0
end_of_record
TN:
SF:D:\Web development\Rails\projekt-frontend\src\store\modules\team\actions.js
FN:5,(anonymous_0)
FN:30,(anonymous_1)
FN:54,(anonymous_2)
FN:79,(anonymous_3)
FNF:4
FNH:4
FNDA:2,(anonymous_0)
FNDA:3,(anonymous_1)
FNDA:1,(anonymous_2)
FNDA:2,(anonymous_3)
DA:6,2
DA:8,2
DA:9,2
DA:11,2
DA:19,2
DA:23,2
DA:24,1
DA:25,1
DA:27,1
DA:31,3
DA:33,3
DA:34,3
DA:36,3
DA:44,3
DA:48,3
DA:49,1
DA:51,2
DA:55,1
DA:57,1
DA:58,1
DA:60,1
DA:68,1
DA:72,1
DA:73,1
DA:74,1
DA:76,0
DA:80,2
DA:82,2
DA:83,2
DA:85,2
DA:93,2
DA:97,2
DA:98,1
DA:99,1
DA:101,1
LF:35
LH:34
BRDA:8,0,0,0
BRDA:8,0,1,2
BRDA:19,1,0,0
BRDA:19,1,1,2
BRDA:33,2,0,0
BRDA:33,2,1,3
BRDA:44,3,0,0
BRDA:44,3,1,3
BRDA:57,4,0,0
BRDA:57,4,1,1
BRDA:68,5,0,0
BRDA:68,5,1,1
BRDA:82,6,0,0
BRDA:82,6,1,2
BRDA:93,7,0,0
BRDA:93,7,1,2
BRF:16
BRH:8
end_of_record
TN:
SF:D:\Web development\Rails\projekt-frontend\src\store\modules\team\getters.js
FN:2,(anonymous_0)
FNF:1
FNH:1
FNDA:1,(anonymous_0)
DA:3,1
LF:1
LH:1
BRF:0
BRH:0
end_of_record
TN:
SF:D:\Web development\Rails\projekt-frontend\src\store\modules\team\index.js
FN:7,(anonymous_0)
FNF:1
FNH:0
FNDA:0,(anonymous_0)
DA:8,0
LF:1
LH:0
BRF:0
BRH:0
end_of_record
TN:
SF:D:\Web development\Rails\projekt-frontend\src\store\modules\team\mutations.js
FN:2,(anonymous_0)
FN:5,(anonymous_1)
FN:6,(anonymous_2)
FNF:3
FNH:3
FNDA:1,(anonymous_0)
FNDA:1,(anonymous_1)
FNDA:1,(anonymous_2)
DA:3,1
DA:6,1
DA:7,1
DA:9,1
DA:10,1
LF:5
LH:5
BRF:0
BRH:0
end_of_record
TN:
SF:D:\Web development\Rails\projekt-frontend\src\store\modules\user\actions.js
FN:5,(anonymous_0)
FN:26,(anonymous_1)
FN:46,(anonymous_2)
FN:52,(anonymous_3)
FN:76,(anonymous_4)
FN:106,(anonymous_5)
FN:110,(anonymous_6)
FN:114,(anonymous_7)
FN:128,(anonymous_8)
FN:132,(anonymous_9)
FNF:10
FNH:10
FNDA:2,(anonymous_0)
FNDA:2,(anonymous_1)
FNDA:1,(anonymous_2)
FNDA:2,(anonymous_3)
FNDA:2,(anonymous_4)
FNDA:1,(anonymous_5)
FNDA:1,(anonymous_6)
FNDA:2,(anonymous_7)
FNDA:1,(anonymous_8)
FNDA:1,(anonymous_9)
DA:6,2
DA:8,2
DA:12,2
DA:14,1
DA:16,1
DA:17,1
DA:19,1
DA:21,1
DA:22,1
DA:27,2
DA:29,2
DA:32,2
DA:34,1
DA:36,1
DA:37,1
DA:39,1
DA:41,1
DA:42,1
DA:47,1
DA:48,1
DA:49,1
DA:53,2
DA:55,2
DA:60,2
DA:61,2
DA:63,2
DA:69,2
DA:70,1
DA:72,1
DA:77,2
DA:79,2
DA:84,2
DA:85,2
DA:87,2
DA:93,2
DA:99,1
DA:100,1
DA:102,1
DA:107,1
DA:111,1
DA:115,2
DA:117,2
DA:121,2
DA:122,1
DA:124,1
DA:129,1
DA:133,1
LF:47
LH:47
BRDA:8,0,0,0
BRDA:8,0,1,2
BRDA:29,1,0,0
BRDA:29,1,1,2
BRDA:55,2,0,0
BRDA:55,2,1,2
BRDA:60,3,0,0
BRDA:60,3,1,2
BRDA:79,4,0,0
BRDA:79,4,1,2
BRDA:84,5,0,0
BRDA:84,5,1,2
BRDA:117,6,0,0
BRDA:117,6,1,2
BRF:14
BRH:7
end_of_record
TN:
SF:D:\Web development\Rails\projekt-frontend\src\store\modules\user\getters.js
FN:2,(anonymous_0)
FN:5,(anonymous_1)
FN:8,(anonymous_2)
FNF:3
FNH:3
FNDA:1,(anonymous_0)
FNDA:1,(anonymous_1)
FNDA:1,(anonymous_2)
DA:3,1
DA:6,1
DA:9,1
LF:3
LH:3
BRF:0
BRH:0
end_of_record
TN:
SF:D:\Web development\Rails\projekt-frontend\src\store\modules\user\index.js
FN:7,(anonymous_0)
FNF:1
FNH:0
FNDA:0,(anonymous_0)
DA:8,0
LF:1
LH:0
BRF:0
BRH:0
end_of_record
TN:
SF:D:\Web development\Rails\projekt-frontend\src\store\modules\user\mutations.js
FN:2,(anonymous_0)
FN:5,(anonymous_1)
FN:8,(anonymous_2)
FN:11,(anonymous_3)
FN:14,(anonymous_4)
FNF:5
FNH:5
FNDA:1,(anonymous_0)
FNDA:1,(anonymous_1)
FNDA:1,(anonymous_2)
FNDA:1,(anonymous_3)
FNDA:1,(anonymous_4)
DA:3,1
DA:6,1
DA:9,1
DA:12,1
DA:15,1
LF:5
LH:5
BRF:0
BRH:0
end_of_record
TN:
SF:D:\Web development\Rails\projekt-frontend\src\views\CreateProject.vue
FN:88,(anonymous_1)
FN:102,(anonymous_2)
FN:111,(anonymous_3)
FN:114,(anonymous_4)
FN:119,(anonymous_5)
FN:125,(anonymous_6)
FN:131,(anonymous_7)
FNF:7
FNH:7
FNDA:19,(anonymous_1)
FNDA:1,(anonymous_2)
FNDA:1,(anonymous_3)
FNDA:1,(anonymous_4)
FNDA:1,(anonymous_5)
FNDA:1,(anonymous_6)
FNDA:1,(anonymous_7)
DA:84,1
DA:85,1
DA:89,19
DA:103,1
DA:112,1
DA:115,1
DA:116,1
DA:117,1
DA:118,1
DA:119,1
DA:124,1
DA:127,1
DA:128,1
DA:132,1
LF:14
LH:14
BRF:0
BRH:0
end_of_record
TN:
SF:D:\Web development\Rails\projekt-frontend\src\views\CreateTeam.vue
FN:54,(anonymous_1)
FN:66,(anonymous_2)
FN:69,(anonymous_3)
FN:78,(anonymous_4)
FNF:4
FNH:4
FNDA:14,(anonymous_1)
FNDA:1,(anonymous_2)
FNDA:1,(anonymous_3)
FNDA:14,(anonymous_4)
DA:50,1
DA:51,1
DA:55,14
DA:67,1
DA:70,1
DA:79,14
LF:6
LH:6
BRF:0
BRH:0
end_of_record
TN:
SF:D:\Web development\Rails\projekt-frontend\src\views\EditProject.vue
FN:67,(anonymous_1)
FN:81,(anonymous_2)
FN:84,(anonymous_3)
FN:89,(anonymous_4)
FN:95,(anonymous_5)
FN:101,(anonymous_6)
FN:104,(anonymous_7)
FN:107,(anonymous_8)
FN:117,(anonymous_9)
FNF:9
FNH:9
FNDA:18,(anonymous_1)
FNDA:1,(anonymous_2)
FNDA:1,(anonymous_3)
FNDA:1,(anonymous_4)
FNDA:1,(anonymous_5)
FNDA:1,(anonymous_6)
FNDA:1,(anonymous_7)
FNDA:1,(anonymous_8)
FNDA:1,(anonymous_9)
DA:63,1
DA:64,1
DA:68,18
DA:82,1
DA:85,1
DA:86,1
DA:87,1
DA:88,1
DA:89,1
DA:94,1
DA:97,1
DA:98,1
DA:102,1
DA:105,1
DA:108,1
DA:118,1
LF:16
LH:16
BRF:0
BRH:0
end_of_record
TN:
SF:D:\Web development\Rails\projekt-frontend\src\views\EditTeam.vue
FN:73,(anonymous_1)
FN:85,(anonymous_2)
FN:86,(anonymous_3)
FN:95,(anonymous_4)
FN:98,(anonymous_5)
FN:99,(anonymous_6)
FN:103,(anonymous_7)
FN:115,(anonymous_8)
FNF:8
FNH:7
FNDA:20,(anonymous_1)
FNDA:1,(anonymous_2)
FNDA:0,(anonymous_3)
FNDA:1,(anonymous_4)
FNDA:20,(anonymous_5)
FNDA:20,(anonymous_6)
FNDA:1,(anonymous_7)
FNDA:20,(anonymous_8)
DA:69,1
DA:70,1
DA:74,20
DA:86,1
DA:87,0
DA:89,1
DA:96,1
DA:99,20
DA:100,20
DA:104,1
DA:105,1
DA:106,1
DA:116,20
DA:117,20
LF:14
LH:13
BRDA:99,0,0,0
BRDA:99,0,1,20
BRDA:99,1,0,20
BRDA:99,1,1,20
BRF:4
BRH:3
end_of_record
TN:
SF:D:\Web development\Rails\projekt-frontend\src\views\EditUser.vue
FN:59,(anonymous_1)
FN:89,(anonymous_2)
FN:92,(anonymous_3)
FN:95,(anonymous_4)
FNF:4
FNH:4
FNDA:9,(anonymous_1)
FNDA:1,(anonymous_2)
FNDA:1,(anonymous_3)
FNDA:1,(anonymous_4)
DA:54,1
DA:55,1
DA:56,1
DA:60,9
DA:90,1
DA:93,1
DA:96,1
DA:98,1
LF:8
LH:8
BRF:0
BRH:0
end_of_record
TN:
SF:D:\Web development\Rails\projekt-frontend\src\views\Home.vue
FNF:0
FNH:0
DA:15,4
LF:1
LH:1
BRF:0
BRH:0
end_of_record
TN:
SF:D:\Web development\Rails\projekt-frontend\src\views\Login.vue
FN:55,(anonymous_1)
FN:80,(anonymous_2)
FN:83,(anonymous_3)
FNF:3
FNH:3
FNDA:11,(anonymous_1)
FNDA:1,(anonymous_2)
FNDA:1,(anonymous_3)
DA:50,4
DA:51,4
DA:52,4
DA:56,11
DA:81,1
DA:84,1
DA:86,1
LF:7
LH:7
BRF:0
BRH:0
end_of_record
TN:
SF:D:\Web development\Rails\projekt-frontend\src\views\Profile.vue
FNF:0
FNH:0
DA:14,2
DA:15,2
DA:16,2
DA:17,2
LF:4
LH:4
BRF:0
BRH:0
end_of_record
TN:
SF:D:\Web development\Rails\projekt-frontend\src\views\Project.vue
FN:60,(anonymous_1)
FN:70,(anonymous_2)
FN:73,(anonymous_3)
FN:76,(anonymous_4)
FN:86,(anonymous_5)
FNF:5
FNH:5
FNDA:14,(anonymous_1)
FNDA:1,(anonymous_2)
FNDA:1,(anonymous_3)
FNDA:1,(anonymous_4)
FNDA:14,(anonymous_5)
DA:56,1
DA:57,1
DA:61,14
DA:71,1
DA:74,1
DA:77,1
DA:87,14
LF:7
LH:7
BRF:0
BRH:0
end_of_record
TN:
SF:D:\Web development\Rails\projekt-frontend\src\views\Register.vue
FN:67,(anonymous_1)
FN:96,(anonymous_2)
FN:99,(anonymous_3)
FNF:3
FNH:3
FNDA:12,(anonymous_1)
FNDA:1,(anonymous_2)
FNDA:1,(anonymous_3)
DA:62,1
DA:63,1
DA:64,1
DA:68,12
DA:97,1
DA:100,1
DA:101,1
LF:7
LH:7
BRF:0
BRH:0
end_of_record
TN:
SF:D:\Web development\Rails\projekt-frontend\src\views\Team.vue
FN:62,(anonymous_1)
FN:72,(anonymous_2)
FN:75,(anonymous_3)
FN:78,(anonymous_4)
FN:86,(anonymous_5)
FN:89,(anonymous_6)
FN:92,(anonymous_7)
FN:96,(anonymous_8)
FNF:8
FNH:7
FNDA:19,(anonymous_1)
FNDA:1,(anonymous_2)
FNDA:1,(anonymous_3)
FNDA:1,(anonymous_4)
FNDA:0,(anonymous_5)
FNDA:19,(anonymous_6)
FNDA:19,(anonymous_7)
FNDA:19,(anonymous_8)
DA:58,1
DA:59,1
DA:63,19
DA:73,1
DA:76,1
DA:79,1
DA:87,0
DA:90,19
DA:93,19
DA:97,19
LF:10
LH:9
BRF:0
BRH:0
end_of_record
